<?xml version="1.0" encoding="utf-8"?><testsuites name="pytest tests"><testsuite name="pytest" errors="0" failures="0" skipped="0" tests="17" time="2.195" timestamp="2026-08-08T17:37:24.634905+00:00" hostname="agent-env-055ea376-9f12-49f0-82a5-0627d0572382"><testcase classname="tests.test_book_api.TestBookMeta" name="test_meta_ok" time="0.266" /><testcase classname="tests.test_book_api.TestPreview" name="test_preview_valid_sections[cover]" time="0.261" /><testcase classname="tests.test_book_api.TestPreview" name="test_preview_valid_sections[titlepage]" time="0.135" /><testcase classname="tests.test_book_api.TestBookToc" name="test_toc_structure" time="0.107" /><testcase classname="tests.test_book_api.TestPdfStatus" name="test_status_ready" time="0.146" /><testcase classname="tests.test_book_api.TestPreview" name="test_preview_valid_sections[preface]" time="0.101" /><testcase classname="tests.test_book_api.TestPreview" name="test_preview_valid_sections[syllabus]" time="0.103" /><testcase classname="tests.test_book_api.TestPdfDownload" name="test_pdf_download" time="0.250" /><testcase classname="tests.test_book_api.TestPreview" name="test_preview_valid_sections[toc]" time="0.137" /><testcase classname="tests.test_book_api.TestPreview" name="test_preview_valid_sections[ch01]" time="0.125" /><testcase classname="tests.test_book_api.TestPreview" name="test_preview_valid_sections[ch02]" time="0.131" /><testcase classname="tests.test_book_api.TestPreview" name="test_preview_valid_sections[partI]" time="0.116" /><testcase classname="tests.test_book_api.TestPreview" name="test_preview_valid_sections[ch03]" time="0.097" /><testcase classname="tests.test_book_api.TestPreview" name="test_preview_valid_sections[glossary]" time="0.098" /><testcase classname="tests.test_book_api.TestPreview" name="test_preview_valid_sections[answerkeys]" time="0.146" /><testcase classname="tests.test_book_api.TestPreview" name="test_preview_ch01_contains_intro" time="0.101" /><testcase classname="tests.test_book_api.TestPreview" name="test_preview_unknown_404" time="0.100" /></testsuite></testsuites>